{
  message: 'Database connected',
  level: 'info',
  label: 'PH',
  timestamp: '2023-06-09T03:54:34.939Z'
}
{
  message: 'University app listening on port 5000',
  level: 'info',
  label: 'PH',
  timestamp: '2023-06-09T03:54:34.956Z'
}
{"level":"info","message":"Database connected"}
{"level":"info","message":"University app listening on port 5000"}
{
  message: 'Database connected',
  level: 'info',
  label: 'PH',
  timestamp: '2023-06-09T03:57:36.054Z'
}
{
  message: 'University app listening on port 5000',
  level: 'info',
  label: 'PH',
  timestamp: '2023-06-09T03:57:36.069Z'
}
 [Fri Jun 09 2023 09:57:44 GMT+0600 (Bangladesh Standard Time) 9:57:44 PH] info: Database connected  
 [Fri Jun 09 2023 09:57:44 GMT+0600 (Bangladesh Standard Time) 9:57:44 PH] info: University app listening on port 5000  
 [ PH] info: Database connected  
 [ PH] info: University app listening on port 5000  
 [PH] info: Database connected  
 [PH] info: University app listening on port 5000  
Fri Jun 09 2023 09:58:28 GMT+0600 (Bangladesh Standard Time) 9:58:28 [PH] info: Database connected  
Fri Jun 09 2023 09:58:28 GMT+0600 (Bangladesh Standard Time) 9:58:28 [PH] info: University app listening on port 5000  
